<?xml version="1.0" encoding="UTF-8"?>
<testsuite xmlns:xsi="http://www.w3.org/2001/XMLSchema-instance" xsi:schemaLocation="https://maven.apache.org/surefire/maven-surefire-plugin/xsd/surefire-test-report.xsd" name="TestSuite.AllApiTest" time="34.427" tests="10" errors="8" skipped="0" failures="1">
  <properties>
[...]
</properties>
  <testcase name="T01_StatusCodeTest" classname="ApiTests.Example1Test" time="3.789">
    <failure message="Status Check Failed! expected:&lt;200&gt; but was:&lt;400&gt;" type="java.lang.AssertionError"><![CDATA[java.lang.AssertionError: Status Check Failed! expected:<200> but was:<400>
	at ApiTests.Example1Test.T01_StatusCodeTest(Example1Test.java:38)
]]></failure>
  </testcase>
  <testcase name="T02_SearchTermTest" classname="ApiTests.Example1Test" time="1.446">
    <error message="Cannot get property &apos;title&apos; on null object" type="java.lang.IllegalArgumentException">java.lang.IllegalArgumentException: Cannot get property 'title' on null object
	at ApiTests.Example1Test.T02_SearchTermTest(Example1Test.java:44)
Caused by: java.lang.NullPointerException: Cannot get property 'title' on null object
	at ApiTests.Example1Test.T02_SearchTermTest(Example1Test.java:44)
</error>
  </testcase>
  <testcase name="T03_verifyOnlyFourVideosReturned" classname="ApiTests.Example1Test" time="1.036">
    <error message="Cannot get property &apos;id&apos; on null object" type="java.lang.IllegalArgumentException">java.lang.IllegalArgumentException: Cannot get property 'id' on null object
	at ApiTests.Example1Test.T03_verifyOnlyFourVideosReturned(Example1Test.java:51)
Caused by: java.lang.NullPointerException: Cannot get property 'id' on null object
	at ApiTests.Example1Test.T03_verifyOnlyFourVideosReturned(Example1Test.java:51)
</error>
  </testcase>
  <testcase name="T04_duplicateVideoVerification" classname="ApiTests.Example1Test" time="0.988">
    <error message="Cannot get property &apos;id&apos; on null object" type="java.lang.IllegalArgumentException">java.lang.IllegalArgumentException: Cannot get property 'id' on null object
	at ApiTests.Example1Test.T04_duplicateVideoVerification(Example1Test.java:57)
Caused by: java.lang.NullPointerException: Cannot get property 'id' on null object
	at ApiTests.Example1Test.T04_duplicateVideoVerification(Example1Test.java:57)
</error>
  </testcase>
  <testcase name="T05_printAttributes" classname="ApiTests.Example1Test" time="1.003">
    <error message="Cannot get property &apos;id&apos; on null object" type="java.lang.IllegalArgumentException">java.lang.IllegalArgumentException: Cannot get property 'id' on null object
	at ApiTests.Example1Test.printTitlePubDateDuration(Example1Test.java:78)
	at ApiTests.Example1Test.T05_printAttributes(Example1Test.java:63)
Caused by: java.lang.NullPointerException: Cannot get property 'id' on null object
	at ApiTests.Example1Test.printTitlePubDateDuration(Example1Test.java:78)
	at ApiTests.Example1Test.T05_printAttributes(Example1Test.java:63)
</error>
  </testcase>
  <testcase name="T01_StatusCodeTest" classname="ApiTests.Example2Test" time="1.002"/>
  <testcase name="T02_SearchTermTest" classname="ApiTests.Example2Test" time="1.011">
    <error message="Cannot get property &apos;id&apos; on null object" type="java.lang.IllegalArgumentException">java.lang.IllegalArgumentException: Cannot get property 'id' on null object
	at ApiTests.Example2Test.T02_SearchTermTest(Example2Test.java:47)
Caused by: java.lang.NullPointerException: Cannot get property 'id' on null object
	at ApiTests.Example2Test.T02_SearchTermTest(Example2Test.java:47)
</error>
  </testcase>
  <testcase name="T03_verifyExtraFourVideosReturned" classname="ApiTests.Example2Test" time="1.013">
    <error message="Cannot get property &apos;related&apos; on null object" type="java.lang.IllegalArgumentException">java.lang.IllegalArgumentException: Cannot get property 'related' on null object
	at ApiTests.Example2Test.T03_verifyExtraFourVideosReturned(Example2Test.java:53)
Caused by: java.lang.NullPointerException: Cannot get property 'related' on null object
	at ApiTests.Example2Test.T03_verifyExtraFourVideosReturned(Example2Test.java:53)
</error>
  </testcase>
  <testcase name="T04_duplicateVideoVerification" classname="ApiTests.Example2Test" time="22.002">
    <error message="Cannot get property &apos;id&apos; on null object" type="java.lang.IllegalArgumentException">java.lang.IllegalArgumentException: Cannot get property 'id' on null object
	at ApiTests.Example2Test.getMergedVideoLists(Example2Test.java:80)
	at ApiTests.Example2Test.T04_duplicateVideoVerification(Example2Test.java:59)
Caused by: java.lang.NullPointerException: Cannot get property 'id' on null object
	at ApiTests.Example2Test.getMergedVideoLists(Example2Test.java:80)
	at ApiTests.Example2Test.T04_duplicateVideoVerification(Example2Test.java:59)
</error>
  </testcase>
  <testcase name="T05_printAttributes" classname="ApiTests.Example2Test" time="0.972">
    <error message="Cannot get property &apos;id&apos; on null object" type="java.lang.IllegalArgumentException">java.lang.IllegalArgumentException: Cannot get property 'id' on null object
	at ApiTests.Example2Test.getMergedVideoLists(Example2Test.java:80)
	at ApiTests.Example2Test.printAttributes(Example2Test.java:85)
	at ApiTests.Example2Test.T05_printAttributes(Example2Test.java:65)
Caused by: java.lang.NullPointerException: Cannot get property 'id' on null object
	at ApiTests.Example2Test.getMergedVideoLists(Example2Test.java:80)
	at ApiTests.Example2Test.printAttributes(Example2Test.java:85)
	at ApiTests.Example2Test.T05_printAttributes(Example2Test.java:65)
</error>
  </testcase>
</testsuite>